2024-03-17 15:33:47,980 I Creating archive at "borg@192.168.56.160:/var/backup/::etc-2024-03-17_15:33:47"
2024-03-17 15:33:49,303 I ------------------------------------------------------------------------------
2024-03-17 15:33:49,303 I Repository: ssh://borg@192.168.56.160/var/backup
2024-03-17 15:33:49,303 I Archive name: etc-2024-03-17_15:33:47
2024-03-17 15:33:49,303 I Archive fingerprint: f641b6055fed6593da747b0e0f656821413b4255bd83bf6334d8aa48bb9ed1b8
2024-03-17 15:33:49,303 I Time (start): Sun, 2024-03-17 15:33:47
2024-03-17 15:33:49,304 I Time (end):   Sun, 2024-03-17 15:33:49
2024-03-17 15:33:49,304 I Duration: 1.26 seconds
2024-03-17 15:33:49,304 I Number of files: 782
2024-03-17 15:33:49,304 I Utilization of max. archive size: 0%
2024-03-17 15:33:49,304 I ------------------------------------------------------------------------------
2024-03-17 15:33:49,304 I                        Original size      Compressed size    Deduplicated size
2024-03-17 15:33:49,304 I This archive:                2.23 MB            998.57 kB            971.18 kB
2024-03-17 15:33:49,304 I All archives:                2.23 MB            997.97 kB              1.04 MB
2024-03-17 15:33:49,304 I 
2024-03-17 15:33:49,304 I                        Unique chunks         Total chunks
2024-03-17 15:33:49,304 I Chunk index:                     744                  773
2024-03-17 15:33:49,304 I ------------------------------------------------------------------------------
2024-03-17 15:38:50,665 I Creating archive at "borg@192.168.56.160:/var/backup/::etc-2024-03-17_15:38:49"
2024-03-17 15:38:50,880 I ------------------------------------------------------------------------------
2024-03-17 15:38:50,880 I Repository: ssh://borg@192.168.56.160/var/backup
2024-03-17 15:38:50,880 I Archive name: etc-2024-03-17_15:38:49
2024-03-17 15:38:50,880 I Archive fingerprint: cf9e692a47a6659989ccf0e661e4b5eb67f879fcf40c290479ad7b869a17e008
2024-03-17 15:38:50,880 I Time (start): Sun, 2024-03-17 15:38:50
2024-03-17 15:38:50,880 I Time (end):   Sun, 2024-03-17 15:38:50
2024-03-17 15:38:50,880 I Duration: 0.14 seconds
2024-03-17 15:38:50,880 I Number of files: 782
2024-03-17 15:38:50,880 I Utilization of max. archive size: 0%
2024-03-17 15:38:50,880 I ------------------------------------------------------------------------------
2024-03-17 15:38:50,880 I                        Original size      Compressed size    Deduplicated size
2024-03-17 15:38:50,880 I This archive:                2.23 MB            998.57 kB                603 B
2024-03-17 15:38:50,880 I All archives:                4.47 MB              2.00 MB              1.10 MB
2024-03-17 15:38:50,880 I 
2024-03-17 15:38:50,880 I                        Unique chunks         Total chunks
2024-03-17 15:38:50,880 I Chunk index:                     746                 1546
2024-03-17 15:38:50,881 I ------------------------------------------------------------------------------
2024-03-17 15:43:53,231 I Creating archive at "borg@192.168.56.160:/var/backup/::etc-2024-03-17_15:43:52"
2024-03-17 15:43:53,479 I ------------------------------------------------------------------------------
2024-03-17 15:43:53,480 I Repository: ssh://borg@192.168.56.160/var/backup
2024-03-17 15:43:53,480 I Archive name: etc-2024-03-17_15:43:52
2024-03-17 15:43:53,480 I Archive fingerprint: 363025c037e58bf80a1d925199b3f61d2986bb29772e508e5f471fc1ef0ca9b6
2024-03-17 15:43:53,480 I Time (start): Sun, 2024-03-17 15:43:53
2024-03-17 15:43:53,481 I Time (end):   Sun, 2024-03-17 15:43:53
2024-03-17 15:43:53,481 I Duration: 0.18 seconds
2024-03-17 15:43:53,481 I Number of files: 784
2024-03-17 15:43:53,481 I Utilization of max. archive size: 0%
2024-03-17 15:43:53,482 I ------------------------------------------------------------------------------
2024-03-17 15:43:53,482 I                        Original size      Compressed size    Deduplicated size
2024-03-17 15:43:53,482 I This archive:                2.23 MB            999.25 kB              3.26 kB
2024-03-17 15:43:53,482 I All archives:                6.70 MB              2.99 MB              1.18 MB
2024-03-17 15:43:53,482 I 
2024-03-17 15:43:53,483 I                        Unique chunks         Total chunks
2024-03-17 15:43:53,483 I Chunk index:                     757                 2322
2024-03-17 15:43:53,483 I ------------------------------------------------------------------------------
2024-03-17 15:48:53,169 I Creating archive at "borg@192.168.56.160:/var/backup/::etc-2024-03-17_15:48:52"
2024-03-17 15:48:53,380 I ------------------------------------------------------------------------------
2024-03-17 15:48:53,380 I Repository: ssh://borg@192.168.56.160/var/backup
2024-03-17 15:48:53,380 I Archive name: etc-2024-03-17_15:48:52
2024-03-17 15:48:53,380 I Archive fingerprint: b1b213cf5c075cdf91c1ff20124c6b3666d169525673785778061fbadbf3e82b
2024-03-17 15:48:53,381 I Time (start): Sun, 2024-03-17 15:48:53
2024-03-17 15:48:53,381 I Time (end):   Sun, 2024-03-17 15:48:53
2024-03-17 15:48:53,381 I Duration: 0.11 seconds
2024-03-17 15:48:53,381 I Number of files: 784
2024-03-17 15:48:53,381 I Utilization of max. archive size: 0%
2024-03-17 15:48:53,381 I ------------------------------------------------------------------------------
2024-03-17 15:48:53,381 I                        Original size      Compressed size    Deduplicated size
2024-03-17 15:48:53,381 I This archive:                2.23 MB            999.25 kB                636 B
2024-03-17 15:48:53,381 I All archives:                8.93 MB              3.99 MB              1.18 MB
2024-03-17 15:48:53,381 I 
2024-03-17 15:48:53,381 I                        Unique chunks         Total chunks
2024-03-17 15:48:53,382 I Chunk index:                     758                 3098
2024-03-17 15:48:53,382 I ------------------------------------------------------------------------------
2024-03-17 15:54:19,164 I Creating archive at "borg@192.168.56.160:/var/backup/::etc-2024-03-17_15:54:18"
2024-03-17 15:54:19,360 I ------------------------------------------------------------------------------
2024-03-17 15:54:19,361 I Repository: ssh://borg@192.168.56.160/var/backup
2024-03-17 15:54:19,361 I Archive name: etc-2024-03-17_15:54:18
2024-03-17 15:54:19,361 I Archive fingerprint: 8c115a4258041a62863e7a6a30fcc9fbd748a8dfe426552248fb6389c33f64b4
2024-03-17 15:54:19,361 I Time (start): Sun, 2024-03-17 15:54:19
2024-03-17 15:54:19,361 I Time (end):   Sun, 2024-03-17 15:54:19
2024-03-17 15:54:19,361 I Duration: 0.11 seconds
2024-03-17 15:54:19,361 I Number of files: 784
2024-03-17 15:54:19,361 I Utilization of max. archive size: 0%
2024-03-17 15:54:19,362 I ------------------------------------------------------------------------------
2024-03-17 15:54:19,362 I                        Original size      Compressed size    Deduplicated size
2024-03-17 15:54:19,362 I This archive:                2.23 MB            999.25 kB                636 B
2024-03-17 15:54:19,362 I All archives:               11.16 MB              4.99 MB              1.18 MB
2024-03-17 15:54:19,362 I 
2024-03-17 15:54:19,362 I                        Unique chunks         Total chunks
2024-03-17 15:54:19,362 I Chunk index:                     759                 3874
2024-03-17 15:54:19,362 I ------------------------------------------------------------------------------
